<?xml version="1.0" encoding="UTF-8"?>
<!-- Generated by org.testng.reporters.JUnitReportReporter -->
<testsuite hostname="LAPTOP-N439PG1J" failures="0" tests="1" name="testscripts.Login_Test" time="6.250" errors="0" timestamp="2025-02-28T20:09:13 IST" skipped="0">
  <testcase classname="testscripts.Login_Test" name="verifyLoginWithVallidCredentials" time="6.250"/>
  <system-out/>
</testsuite> <!-- testscripts.Login_Test -->
